2019/05/24 18:19:47 [emerg] 1#1: open() "/etc/nginx/mime.types" failed (2: No such file or directory) in /etc/nginx/nginx.conf:13
2019/05/24 18:19:48 [emerg] 1#1: open() "/etc/nginx/mime.types" failed (2: No such file or directory) in /etc/nginx/nginx.conf:13
2019/05/24 18:19:49 [emerg] 1#1: open() "/etc/nginx/mime.types" failed (2: No such file or directory) in /etc/nginx/nginx.conf:13
2019/05/24 18:19:50 [emerg] 1#1: open() "/etc/nginx/mime.types" failed (2: No such file or directory) in /etc/nginx/nginx.conf:13
2019/05/24 18:19:51 [emerg] 1#1: open() "/etc/nginx/mime.types" failed (2: No such file or directory) in /etc/nginx/nginx.conf:13
2019/05/24 18:19:54 [emerg] 1#1: open() "/etc/nginx/mime.types" failed (2: No such file or directory) in /etc/nginx/nginx.conf:13
2019/05/24 18:19:58 [emerg] 1#1: open() "/etc/nginx/mime.types" failed (2: No such file or directory) in /etc/nginx/nginx.conf:13
2019/05/24 18:20:05 [emerg] 1#1: open() "/etc/nginx/mime.types" failed (2: No such file or directory) in /etc/nginx/nginx.conf:13
2019/05/24 18:20:18 [emerg] 1#1: open() "/etc/nginx/mime.types" failed (2: No such file or directory) in /etc/nginx/nginx.conf:13
2019/05/24 18:20:45 [emerg] 1#1: open() "/etc/nginx/mime.types" failed (2: No such file or directory) in /etc/nginx/nginx.conf:13
2019/05/24 18:23:01 [emerg] 1#1: unexpected end of file, expecting "}" in /etc/nginx/nginx.conf:51
2019/05/24 18:23:02 [emerg] 1#1: unexpected end of file, expecting "}" in /etc/nginx/nginx.conf:51
2019/05/24 18:23:03 [emerg] 1#1: unexpected end of file, expecting "}" in /etc/nginx/nginx.conf:51
2019/05/24 18:23:04 [emerg] 1#1: unexpected end of file, expecting "}" in /etc/nginx/nginx.conf:51
2019/05/24 18:23:06 [emerg] 1#1: unexpected end of file, expecting "}" in /etc/nginx/nginx.conf:51
2019/05/24 18:23:08 [emerg] 1#1: unexpected end of file, expecting "}" in /etc/nginx/nginx.conf:51
2019/05/24 18:23:12 [emerg] 1#1: unexpected end of file, expecting "}" in /etc/nginx/nginx.conf:51
2019/05/24 18:23:55 [emerg] 1#1: open() "/tmp/logs/nginx.error.log" failed (2: No such file or directory)
2019/05/24 18:23:56 [emerg] 1#1: open() "/tmp/logs/nginx.error.log" failed (2: No such file or directory)
2019/05/24 18:23:57 [emerg] 1#1: open() "/tmp/logs/nginx.error.log" failed (2: No such file or directory)
2019/05/24 18:23:58 [emerg] 1#1: open() "/tmp/logs/nginx.error.log" failed (2: No such file or directory)
2019/05/24 18:23:59 [emerg] 1#1: open() "/tmp/logs/nginx.error.log" failed (2: No such file or directory)
2019/05/24 18:24:02 [emerg] 1#1: open() "/tmp/logs/nginx.error.log" failed (2: No such file or directory)
2019/05/24 18:24:06 [emerg] 1#1: open() "/tmp/logs/nginx.error.log" failed (2: No such file or directory)
2019/05/24 18:24:13 [emerg] 1#1: open() "/tmp/logs/nginx.error.log" failed (2: No such file or directory)
2019/05/24 18:24:26 [emerg] 1#1: open() "/tmp/logs/nginx.error.log" failed (2: No such file or directory)
2019/05/24 18:24:52 [emerg] 1#1: open() "/tmp/logs/nginx.error.log" failed (2: No such file or directory)
2019/05/24 18:42:44 [emerg] 1#1: open() "/tmp/logs/nginx/error.log" failed (2: No such file or directory)
2019/05/24 18:42:45 [emerg] 1#1: open() "/tmp/logs/nginx/error.log" failed (2: No such file or directory)
2019/05/24 18:42:46 [emerg] 1#1: open() "/tmp/logs/nginx/error.log" failed (2: No such file or directory)
2019/05/24 18:42:47 [emerg] 1#1: open() "/tmp/logs/nginx/error.log" failed (2: No such file or directory)
2019/05/24 18:42:48 [emerg] 1#1: open() "/tmp/logs/nginx/error.log" failed (2: No such file or directory)
2019/05/24 18:48:52 [emerg] 1#1: "worker_processes" directive is not allowed here in /etc/nginx/conf.d/nginx.conf:1
2019/05/24 18:48:53 [emerg] 1#1: "worker_processes" directive is not allowed here in /etc/nginx/conf.d/nginx.conf:1
2019/05/24 18:48:53 [emerg] 1#1: "worker_processes" directive is not allowed here in /etc/nginx/conf.d/nginx.conf:1
2019/05/24 18:48:55 [emerg] 1#1: "worker_processes" directive is not allowed here in /etc/nginx/conf.d/nginx.conf:1
2019/05/24 18:48:56 [emerg] 1#1: "worker_processes" directive is not allowed here in /etc/nginx/conf.d/nginx.conf:1
2019/05/24 18:48:58 [emerg] 1#1: "worker_processes" directive is not allowed here in /etc/nginx/conf.d/nginx.conf:1
2019/05/24 18:50:50 [emerg] 1#1: "worker_processes" directive is not allowed here in /etc/nginx/conf.d/nginx.conf:1
2019/05/24 18:50:51 [emerg] 1#1: "worker_processes" directive is not allowed here in /etc/nginx/conf.d/nginx.conf:1
2019/05/24 18:50:52 [emerg] 1#1: "worker_processes" directive is not allowed here in /etc/nginx/conf.d/nginx.conf:1
2019/05/24 18:50:53 [emerg] 1#1: "worker_processes" directive is not allowed here in /etc/nginx/conf.d/nginx.conf:1
2019/05/24 18:50:54 [emerg] 1#1: "worker_processes" directive is not allowed here in /etc/nginx/conf.d/nginx.conf:1
2019/05/24 18:50:57 [emerg] 1#1: "worker_processes" directive is not allowed here in /etc/nginx/conf.d/nginx.conf:1
2019/05/24 18:51:38 [emerg] 1#1: open() "/tmp/logs/nginx.error.log" failed (2: No such file or directory)
2019/05/24 18:51:39 [emerg] 1#1: open() "/tmp/logs/nginx.error.log" failed (2: No such file or directory)
2019/05/24 18:51:40 [emerg] 1#1: open() "/tmp/logs/nginx.error.log" failed (2: No such file or directory)
2019/05/24 18:51:41 [emerg] 1#1: open() "/tmp/logs/nginx.error.log" failed (2: No such file or directory)
2019/05/24 18:51:42 [emerg] 1#1: open() "/tmp/logs/nginx.error.log" failed (2: No such file or directory)
2019/05/24 18:57:48 [emerg] 1#1: open() "/var/logs/nginx.access.log" failed (2: No such file or directory)
2019/05/24 18:57:49 [emerg] 1#1: open() "/var/logs/nginx.access.log" failed (2: No such file or directory)
2019/05/24 18:57:50 [emerg] 1#1: open() "/var/logs/nginx.access.log" failed (2: No such file or directory)
2019/05/24 18:57:51 [emerg] 1#1: open() "/var/logs/nginx.access.log" failed (2: No such file or directory)
2019/05/24 18:57:52 [emerg] 1#1: open() "/var/logs/nginx.access.log" failed (2: No such file or directory)
2019/05/24 18:57:55 [emerg] 1#1: open() "/var/logs/nginx.access.log" failed (2: No such file or directory)
2019/05/24 18:59:20 [emerg] 1#1: open() "/tmp/logs/nginx.access.log" failed (2: No such file or directory)
2019/05/24 18:59:21 [emerg] 1#1: open() "/tmp/logs/nginx.access.log" failed (2: No such file or directory)
2019/05/24 18:59:22 [emerg] 1#1: open() "/tmp/logs/nginx.access.log" failed (2: No such file or directory)
2019/05/24 18:59:23 [emerg] 1#1: open() "/tmp/logs/nginx.access.log" failed (2: No such file or directory)
2019/05/24 18:59:24 [emerg] 1#1: open() "/tmp/logs/nginx.access.log" failed (2: No such file or directory)
